<?xml version="1.0" encoding="UTF-8"?>
<!-- Generated by org.testng.reporters.JUnitXMLReporter -->
<testsuite hostname="DESKTOP-J15O7LM" ignored="0" name="OpencartTests" tests="2" failures="1" timestamp="2021-03-25T04:08:30 GMT" time="18.46" errors="0">
  <testcase name="test_account_Registration" time="6.259" classname="testCases.TC_001_AccountRegistration">
    <failure type="java.lang.AssertionError">
      <![CDATA[java.lang.AssertionError
at org.junit.Assert.fail(Assert.java:86)
at org.junit.Assert.assertTrue(Assert.java:41)
at org.junit.Assert.assertTrue(Assert.java:52)
at testCases.TC_001_AccountRegistration.test_account_Registration(TC_001_AccountRegistration.java:78)
at java.util.ArrayList.forEach(ArrayList.java:1259)
at java.util.concurrent.FutureTask.run(FutureTask.java:266)
at java.util.concurrent.ThreadPoolExecutor.runWorker(ThreadPoolExecutor.java:1149)
at java.util.concurrent.ThreadPoolExecutor$Worker.run(ThreadPoolExecutor.java:624)
at java.lang.Thread.run(Thread.java:748)
... Removed 18 stack frames]]>
    </failure>
  </testcase> <!-- test_account_Registration -->
  <testcase name="test_Login" time="4.847" classname="testCases.TC_002_Login"/>
</testsuite> <!-- OpencartTests -->
